<?xml version="1.0" encoding="UTF-8"?>
<!-- Generated by org.testng.reporters.JUnitXMLReporter -->
<testsuite hostname="DESKTOP-GVE4NFE" ignored="0" name="Test" tests="1" failures="1" timestamp="15 Jul 2018 23:39:00 GMT" time="38.145" errors="0">
  <testcase name="verifyLogin" time="13.794" classname="test.LoginPageTest">
    <failure type="java.lang.AssertionError" message="expected [true] but found [false]">
      <![CDATA[java.lang.AssertionError: expected [true] but found [false]
at test.LoginPageTest.verifyLogin(LoginPageTest.java:21)
... Removed 33 stack frames]]>
    </failure>
  </testcase> <!-- verifyLogin -->
</testsuite> <!-- Test -->
