-------------------------------------------------------------------------------
Test set: TestSuite
-------------------------------------------------------------------------------
Tests run: 1, Failures: 1, Errors: 0, Skipped: 0, Time elapsed: 40.621 s <<< FAILURE! - in TestSuite
verifyLogin(test.LoginPageTest)  Time elapsed: 14.416 s  <<< FAILURE!
java.lang.AssertionError: expected [true] but found [false]
	at test.LoginPageTest.verifyLogin(LoginPageTest.java:21)

